C:\dev\dopeypodcast-alexa\skill\ts\podcastFeed.js
C:\dev\dopeypodcast-alexa\skill\ts\podcastFeed.js.map
C:\dev\dopeypodcast-alexa\skill\ts\constants.js
C:\dev\dopeypodcast-alexa\skill\ts\constants.js.map
C:\dev\dopeypodcast-alexa\skill\ts\audioEventHandlers.js
C:\dev\dopeypodcast-alexa\skill\ts\audioEventHandlers.js.map
C:\dev\dopeypodcast-alexa\skill\ts\stateHandlers.js
C:\dev\dopeypodcast-alexa\skill\ts\stateHandlers.js.map
C:\dev\dopeypodcast-alexa\skill\ts\index.js
C:\dev\dopeypodcast-alexa\skill\ts\index.js.map
C:\dev\dopeypodcast-alexa\skill\ts\node_modules\aws-sdk\scripts\services-table-generator.js
C:\dev\dopeypodcast-alexa\skill\ts\node_modules\aws-sdk\scripts\services-table-generator.js.map
C:\dev\dopeypodcast-alexa\skill\ts\podcastFeed.js
C:\dev\dopeypodcast-alexa\skill\ts\podcastFeed.js.map
C:\dev\dopeypodcast-alexa\skill\ts\constants.js
C:\dev\dopeypodcast-alexa\skill\ts\constants.js.map
C:\dev\dopeypodcast-alexa\skill\ts\audioEventHandlers.js
C:\dev\dopeypodcast-alexa\skill\ts\audioEventHandlers.js.map
C:\dev\dopeypodcast-alexa\skill\ts\stateHandlers.js
C:\dev\dopeypodcast-alexa\skill\ts\stateHandlers.js.map
C:\dev\dopeypodcast-alexa\skill\ts\index.js
C:\dev\dopeypodcast-alexa\skill\ts\index.js.map
C:\dev\dopeypodcast-alexa\skill\ts\node_modules\aws-sdk\scripts\services-table-generator.js
C:\dev\dopeypodcast-alexa\skill\ts\node_modules\aws-sdk\scripts\services-table-generator.js.map
C:\dev\dopeypodcast-alexa\skill\ts\podcastFeed.js
C:\dev\dopeypodcast-alexa\skill\ts\podcastFeed.js.map
C:\dev\dopeypodcast-alexa\skill\ts\constants.js
C:\dev\dopeypodcast-alexa\skill\ts\constants.js.map
C:\dev\dopeypodcast-alexa\skill\ts\audioEventHandlers.js
C:\dev\dopeypodcast-alexa\skill\ts\audioEventHandlers.js.map
C:\dev\dopeypodcast-alexa\skill\ts\stateHandlers.js
C:\dev\dopeypodcast-alexa\skill\ts\stateHandlers.js.map
C:\dev\dopeypodcast-alexa\skill\ts\index.js
C:\dev\dopeypodcast-alexa\skill\ts\index.js.map
C:\dev\dopeypodcast-alexa\skill\ts\node_modules\aws-sdk\scripts\services-table-generator.js
C:\dev\dopeypodcast-alexa\skill\ts\node_modules\aws-sdk\scripts\services-table-generator.js.map
C:\dev\dopeypodcast-alexa\skill\ts\podcastFeed.js
C:\dev\dopeypodcast-alexa\skill\ts\podcastFeed.js.map
C:\dev\dopeypodcast-alexa\skill\ts\constants.js
C:\dev\dopeypodcast-alexa\skill\ts\constants.js.map
C:\dev\dopeypodcast-alexa\skill\ts\audioEventHandlers.js
C:\dev\dopeypodcast-alexa\skill\ts\audioEventHandlers.js.map
C:\dev\dopeypodcast-alexa\skill\ts\stateHandlers.js
C:\dev\dopeypodcast-alexa\skill\ts\stateHandlers.js.map
C:\dev\dopeypodcast-alexa\skill\ts\index.js
C:\dev\dopeypodcast-alexa\skill\ts\index.js.map
C:\dev\dopeypodcast-alexa\skill\ts\node_modules\aws-sdk\scripts\services-table-generator.js
C:\dev\dopeypodcast-alexa\skill\ts\node_modules\aws-sdk\scripts\services-table-generator.js.map
C:\dev\dopeypodcast-alexa\skill\ts\podcastFeed.js
C:\dev\dopeypodcast-alexa\skill\ts\podcastFeed.js.map
C:\dev\dopeypodcast-alexa\skill\ts\constants.js
C:\dev\dopeypodcast-alexa\skill\ts\constants.js.map
C:\dev\dopeypodcast-alexa\skill\ts\audioEventHandlers.js
C:\dev\dopeypodcast-alexa\skill\ts\audioEventHandlers.js.map
C:\dev\dopeypodcast-alexa\skill\ts\stateHandlers.js
C:\dev\dopeypodcast-alexa\skill\ts\stateHandlers.js.map
C:\dev\dopeypodcast-alexa\skill\ts\index.js
C:\dev\dopeypodcast-alexa\skill\ts\index.js.map
C:\dev\dopeypodcast-alexa\skill\ts\node_modules\aws-sdk\scripts\services-table-generator.js
C:\dev\dopeypodcast-alexa\skill\ts\node_modules\aws-sdk\scripts\services-table-generator.js.map
C:\dev\dopeypodcast-alexa\skill\ts\podcastFeed.js
C:\dev\dopeypodcast-alexa\skill\ts\podcastFeed.js.map
C:\dev\dopeypodcast-alexa\skill\ts\constants.js
C:\dev\dopeypodcast-alexa\skill\ts\constants.js.map
C:\dev\dopeypodcast-alexa\skill\ts\audioEventHandlers.js
C:\dev\dopeypodcast-alexa\skill\ts\audioEventHandlers.js.map
C:\dev\dopeypodcast-alexa\skill\ts\stateHandlers.js
C:\dev\dopeypodcast-alexa\skill\ts\stateHandlers.js.map
C:\dev\dopeypodcast-alexa\skill\ts\index.js
C:\dev\dopeypodcast-alexa\skill\ts\index.js.map
C:\dev\dopeypodcast-alexa\skill\ts\node_modules\aws-sdk\scripts\services-table-generator.js
C:\dev\dopeypodcast-alexa\skill\ts\node_modules\aws-sdk\scripts\services-table-generator.js.map
